mode: set
github.com/tophers42/go-naivebayes/naivebayes/app.go:28.51,32.2 3 1
github.com/tophers42/go-naivebayes/naivebayes/app.go:34.57,36.2 1 1
github.com/tophers42/go-naivebayes/naivebayes/app.go:38.57,40.2 1 1
github.com/tophers42/go-naivebayes/naivebayes/app.go:50.39,51.20 1 1
github.com/tophers42/go-naivebayes/naivebayes/app.go:54.2,54.14 1 1
github.com/tophers42/go-naivebayes/naivebayes/app.go:51.20,53.3 1 1
github.com/tophers42/go-naivebayes/naivebayes/app.go:58.54,63.17 5 1
github.com/tophers42/go-naivebayes/naivebayes/app.go:68.2,68.16 1 1
github.com/tophers42/go-naivebayes/naivebayes/app.go:63.17,65.3 1 1
github.com/tophers42/go-naivebayes/naivebayes/app.go:65.3,67.3 1 1
github.com/tophers42/go-naivebayes/naivebayes/app.go:68.16,70.3 1 0
github.com/tophers42/go-naivebayes/naivebayes/app.go:78.85,79.54 1 1
github.com/tophers42/go-naivebayes/naivebayes/app.go:79.54,82.29 3 1
github.com/tophers42/go-naivebayes/naivebayes/app.go:85.3,85.25 1 1
github.com/tophers42/go-naivebayes/naivebayes/app.go:82.29,84.4 1 1
github.com/tophers42/go-naivebayes/naivebayes/app.go:104.55,112.16 4 1
github.com/tophers42/go-naivebayes/naivebayes/app.go:115.2,115.12 1 1
github.com/tophers42/go-naivebayes/naivebayes/app.go:112.16,114.3 1 0
github.com/tophers42/go-naivebayes/naivebayes/app.go:119.69,121.2 1 1
github.com/tophers42/go-naivebayes/naivebayes/app.go:124.55,126.16 2 1
github.com/tophers42/go-naivebayes/naivebayes/app.go:130.2,130.29 1 1
github.com/tophers42/go-naivebayes/naivebayes/app.go:140.2,140.12 1 1
github.com/tophers42/go-naivebayes/naivebayes/app.go:126.16,129.3 2 0
github.com/tophers42/go-naivebayes/naivebayes/app.go:130.29,133.17 3 1
github.com/tophers42/go-naivebayes/naivebayes/app.go:133.17,135.4 1 0
github.com/tophers42/go-naivebayes/naivebayes/app.go:135.4,138.4 2 1
github.com/tophers42/go-naivebayes/naivebayes/app.go:144.41,147.2 2 0
github.com/tophers42/go-naivebayes/naivebayes/app.go:153.59,161.2 7 1
github.com/tophers42/go-naivebayes/naivebayes/app.go:171.75,174.25 3 1
github.com/tophers42/go-naivebayes/naivebayes/app.go:178.2,180.49 2 1
github.com/tophers42/go-naivebayes/naivebayes/app.go:184.2,185.20 2 1
github.com/tophers42/go-naivebayes/naivebayes/app.go:189.2,191.56 2 1
github.com/tophers42/go-naivebayes/naivebayes/app.go:174.25,176.3 1 1
github.com/tophers42/go-naivebayes/naivebayes/app.go:180.49,182.3 1 1
github.com/tophers42/go-naivebayes/naivebayes/app.go:185.20,187.3 1 0
github.com/tophers42/go-naivebayes/naivebayes/app.go:198.73,202.9 3 1
github.com/tophers42/go-naivebayes/naivebayes/app.go:206.2,206.56 1 1
github.com/tophers42/go-naivebayes/naivebayes/app.go:202.9,204.3 1 1
github.com/tophers42/go-naivebayes/naivebayes/app.go:214.74,216.35 2 1
github.com/tophers42/go-naivebayes/naivebayes/app.go:219.2,219.60 1 1
github.com/tophers42/go-naivebayes/naivebayes/app.go:216.35,218.3 1 1
github.com/tophers42/go-naivebayes/naivebayes/app.go:227.74,231.9 3 0
github.com/tophers42/go-naivebayes/naivebayes/app.go:235.2,237.25 3 0
github.com/tophers42/go-naivebayes/naivebayes/app.go:241.2,243.20 3 0
github.com/tophers42/go-naivebayes/naivebayes/app.go:247.2,248.56 2 0
github.com/tophers42/go-naivebayes/naivebayes/app.go:231.9,233.3 1 0
github.com/tophers42/go-naivebayes/naivebayes/app.go:237.25,239.3 1 0
github.com/tophers42/go-naivebayes/naivebayes/app.go:243.20,245.3 1 0
github.com/tophers42/go-naivebayes/naivebayes/app.go:257.76,261.9 3 0
github.com/tophers42/go-naivebayes/naivebayes/app.go:265.2,267.25 3 0
github.com/tophers42/go-naivebayes/naivebayes/app.go:271.2,272.61 2 0
github.com/tophers42/go-naivebayes/naivebayes/app.go:261.9,263.3 1 0
github.com/tophers42/go-naivebayes/naivebayes/app.go:267.25,269.3 1 0
github.com/tophers42/go-naivebayes/naivebayes/fileUtils.go:10.106,13.16 2 1
github.com/tophers42/go-naivebayes/naivebayes/fileUtils.go:17.2,18.16 2 1
github.com/tophers42/go-naivebayes/naivebayes/fileUtils.go:21.2,21.12 1 1
github.com/tophers42/go-naivebayes/naivebayes/fileUtils.go:13.16,15.3 1 1
github.com/tophers42/go-naivebayes/naivebayes/fileUtils.go:18.16,20.3 1 1
github.com/tophers42/go-naivebayes/naivebayes/fileUtils.go:26.113,29.16 2 1
github.com/tophers42/go-naivebayes/naivebayes/fileUtils.go:33.2,34.16 2 1
github.com/tophers42/go-naivebayes/naivebayes/fileUtils.go:37.2,37.12 1 1
github.com/tophers42/go-naivebayes/naivebayes/fileUtils.go:29.16,31.3 1 1
github.com/tophers42/go-naivebayes/naivebayes/fileUtils.go:34.16,36.3 1 1
github.com/tophers42/go-naivebayes/naivebayes/naivebayes.go:27.73,29.48 2 1
github.com/tophers42/go-naivebayes/naivebayes/naivebayes.go:36.2,36.59 1 1
github.com/tophers42/go-naivebayes/naivebayes/naivebayes.go:29.48,31.10 2 1
github.com/tophers42/go-naivebayes/naivebayes/naivebayes.go:34.3,34.17 1 1
github.com/tophers42/go-naivebayes/naivebayes/naivebayes.go:31.10,33.4 1 1
github.com/tophers42/go-naivebayes/naivebayes/naivebayes.go:45.80,46.41 1 1
github.com/tophers42/go-naivebayes/naivebayes/naivebayes.go:52.2,52.39 1 1
github.com/tophers42/go-naivebayes/naivebayes/naivebayes.go:46.41,47.59 1 1
github.com/tophers42/go-naivebayes/naivebayes/naivebayes.go:47.59,50.4 2 1
github.com/tophers42/go-naivebayes/naivebayes/naivebayes.go:65.35,67.2 1 1
github.com/tophers42/go-naivebayes/naivebayes/naivebayes.go:70.49,73.2 2 1
github.com/tophers42/go-naivebayes/naivebayes/naivebayes.go:86.35,88.2 1 1
github.com/tophers42/go-naivebayes/naivebayes/naivebayes.go:91.39,92.38 1 1
github.com/tophers42/go-naivebayes/naivebayes/naivebayes.go:105.2,105.22 1 1
github.com/tophers42/go-naivebayes/naivebayes/naivebayes.go:92.38,94.10 2 1
github.com/tophers42/go-naivebayes/naivebayes/naivebayes.go:98.3,99.41 2 1
github.com/tophers42/go-naivebayes/naivebayes/naivebayes.go:94.10,97.4 2 1
github.com/tophers42/go-naivebayes/naivebayes/naivebayes.go:99.41,102.4 2 1
github.com/tophers42/go-naivebayes/naivebayes/naivebayes.go:110.56,113.34 2 1
github.com/tophers42/go-naivebayes/naivebayes/naivebayes.go:117.2,117.10 1 1
github.com/tophers42/go-naivebayes/naivebayes/naivebayes.go:113.34,116.3 2 1
github.com/tophers42/go-naivebayes/naivebayes/naivebayes.go:123.65,127.2 2 1
github.com/tophers42/go-naivebayes/naivebayes/naivebayes.go:143.87,145.40 2 1
github.com/tophers42/go-naivebayes/naivebayes/naivebayes.go:150.2,150.10 1 1
github.com/tophers42/go-naivebayes/naivebayes/naivebayes.go:145.40,149.3 3 1
