mode: set
github.com/tophers42/go-naivebayes/naivebayes/app.go:29.51,33.2 3 1
github.com/tophers42/go-naivebayes/naivebayes/app.go:35.57,37.2 1 1
github.com/tophers42/go-naivebayes/naivebayes/app.go:39.57,41.2 1 1
github.com/tophers42/go-naivebayes/naivebayes/app.go:51.39,52.20 1 1
github.com/tophers42/go-naivebayes/naivebayes/app.go:55.2,55.14 1 1
github.com/tophers42/go-naivebayes/naivebayes/app.go:52.20,54.3 1 1
github.com/tophers42/go-naivebayes/naivebayes/app.go:59.54,64.17 5 1
github.com/tophers42/go-naivebayes/naivebayes/app.go:69.2,69.16 1 1
github.com/tophers42/go-naivebayes/naivebayes/app.go:64.17,66.3 1 1
github.com/tophers42/go-naivebayes/naivebayes/app.go:66.3,68.3 1 1
github.com/tophers42/go-naivebayes/naivebayes/app.go:69.16,71.3 1 0
github.com/tophers42/go-naivebayes/naivebayes/app.go:79.85,80.54 1 1
github.com/tophers42/go-naivebayes/naivebayes/app.go:80.54,83.29 3 1
github.com/tophers42/go-naivebayes/naivebayes/app.go:86.3,86.25 1 1
github.com/tophers42/go-naivebayes/naivebayes/app.go:83.29,85.4 1 1
github.com/tophers42/go-naivebayes/naivebayes/app.go:105.55,113.16 4 1
github.com/tophers42/go-naivebayes/naivebayes/app.go:116.2,116.12 1 1
github.com/tophers42/go-naivebayes/naivebayes/app.go:113.16,115.3 1 0
github.com/tophers42/go-naivebayes/naivebayes/app.go:120.69,122.2 1 1
github.com/tophers42/go-naivebayes/naivebayes/app.go:125.55,127.16 2 1
github.com/tophers42/go-naivebayes/naivebayes/app.go:131.2,131.29 1 1
github.com/tophers42/go-naivebayes/naivebayes/app.go:141.2,141.12 1 1
github.com/tophers42/go-naivebayes/naivebayes/app.go:127.16,130.3 2 0
github.com/tophers42/go-naivebayes/naivebayes/app.go:131.29,134.17 3 1
github.com/tophers42/go-naivebayes/naivebayes/app.go:134.17,136.4 1 1
github.com/tophers42/go-naivebayes/naivebayes/app.go:136.4,139.4 2 1
github.com/tophers42/go-naivebayes/naivebayes/app.go:145.41,148.2 2 0
github.com/tophers42/go-naivebayes/naivebayes/app.go:154.59,162.2 7 1
github.com/tophers42/go-naivebayes/naivebayes/app.go:172.75,175.25 3 1
github.com/tophers42/go-naivebayes/naivebayes/app.go:179.2,181.49 2 1
github.com/tophers42/go-naivebayes/naivebayes/app.go:185.2,186.20 2 1
github.com/tophers42/go-naivebayes/naivebayes/app.go:190.2,192.56 2 1
github.com/tophers42/go-naivebayes/naivebayes/app.go:175.25,177.3 1 1
github.com/tophers42/go-naivebayes/naivebayes/app.go:181.49,183.3 1 1
github.com/tophers42/go-naivebayes/naivebayes/app.go:186.20,188.3 1 0
github.com/tophers42/go-naivebayes/naivebayes/app.go:199.73,203.9 3 1
github.com/tophers42/go-naivebayes/naivebayes/app.go:207.2,207.56 1 1
github.com/tophers42/go-naivebayes/naivebayes/app.go:203.9,205.3 1 1
github.com/tophers42/go-naivebayes/naivebayes/app.go:214.74,217.28 3 1
github.com/tophers42/go-naivebayes/naivebayes/app.go:220.2,221.40 2 1
github.com/tophers42/go-naivebayes/naivebayes/app.go:224.2,224.60 1 1
github.com/tophers42/go-naivebayes/naivebayes/app.go:217.28,219.3 1 1
github.com/tophers42/go-naivebayes/naivebayes/app.go:221.40,223.3 1 1
github.com/tophers42/go-naivebayes/naivebayes/app.go:232.74,236.9 3 1
github.com/tophers42/go-naivebayes/naivebayes/app.go:240.2,242.25 3 1
github.com/tophers42/go-naivebayes/naivebayes/app.go:246.2,248.20 3 1
github.com/tophers42/go-naivebayes/naivebayes/app.go:252.2,253.56 2 1
github.com/tophers42/go-naivebayes/naivebayes/app.go:236.9,238.3 1 1
github.com/tophers42/go-naivebayes/naivebayes/app.go:242.25,244.3 1 1
github.com/tophers42/go-naivebayes/naivebayes/app.go:248.20,250.3 1 0
github.com/tophers42/go-naivebayes/naivebayes/app.go:262.76,266.9 3 0
github.com/tophers42/go-naivebayes/naivebayes/app.go:270.2,272.25 3 0
github.com/tophers42/go-naivebayes/naivebayes/app.go:276.2,277.61 2 0
github.com/tophers42/go-naivebayes/naivebayes/app.go:266.9,268.3 1 0
github.com/tophers42/go-naivebayes/naivebayes/app.go:272.25,274.3 1 0
github.com/tophers42/go-naivebayes/naivebayes/fileUtils.go:10.106,13.16 2 1
github.com/tophers42/go-naivebayes/naivebayes/fileUtils.go:17.2,18.16 2 1
github.com/tophers42/go-naivebayes/naivebayes/fileUtils.go:21.2,21.12 1 1
github.com/tophers42/go-naivebayes/naivebayes/fileUtils.go:13.16,15.3 1 1
github.com/tophers42/go-naivebayes/naivebayes/fileUtils.go:18.16,20.3 1 1
github.com/tophers42/go-naivebayes/naivebayes/fileUtils.go:26.113,29.16 2 1
github.com/tophers42/go-naivebayes/naivebayes/fileUtils.go:33.2,34.16 2 1
github.com/tophers42/go-naivebayes/naivebayes/fileUtils.go:37.2,37.12 1 1
github.com/tophers42/go-naivebayes/naivebayes/fileUtils.go:29.16,31.3 1 1
github.com/tophers42/go-naivebayes/naivebayes/fileUtils.go:34.16,36.3 1 1
github.com/tophers42/go-naivebayes/naivebayes/naivebayes.go:27.73,29.48 2 1
github.com/tophers42/go-naivebayes/naivebayes/naivebayes.go:36.2,36.59 1 1
github.com/tophers42/go-naivebayes/naivebayes/naivebayes.go:29.48,31.10 2 1
github.com/tophers42/go-naivebayes/naivebayes/naivebayes.go:34.3,34.17 1 1
github.com/tophers42/go-naivebayes/naivebayes/naivebayes.go:31.10,33.4 1 1
github.com/tophers42/go-naivebayes/naivebayes/naivebayes.go:45.80,46.41 1 1
github.com/tophers42/go-naivebayes/naivebayes/naivebayes.go:52.2,52.39 1 1
github.com/tophers42/go-naivebayes/naivebayes/naivebayes.go:46.41,47.59 1 1
github.com/tophers42/go-naivebayes/naivebayes/naivebayes.go:47.59,50.4 2 1
github.com/tophers42/go-naivebayes/naivebayes/naivebayes.go:65.35,67.2 1 1
github.com/tophers42/go-naivebayes/naivebayes/naivebayes.go:70.49,73.2 2 1
github.com/tophers42/go-naivebayes/naivebayes/naivebayes.go:86.35,88.2 1 1
github.com/tophers42/go-naivebayes/naivebayes/naivebayes.go:91.39,92.38 1 1
github.com/tophers42/go-naivebayes/naivebayes/naivebayes.go:105.2,105.22 1 1
github.com/tophers42/go-naivebayes/naivebayes/naivebayes.go:92.38,94.10 2 1
github.com/tophers42/go-naivebayes/naivebayes/naivebayes.go:98.3,99.41 2 1
github.com/tophers42/go-naivebayes/naivebayes/naivebayes.go:94.10,97.4 2 1
github.com/tophers42/go-naivebayes/naivebayes/naivebayes.go:99.41,102.4 2 1
github.com/tophers42/go-naivebayes/naivebayes/naivebayes.go:110.56,113.34 2 1
github.com/tophers42/go-naivebayes/naivebayes/naivebayes.go:117.2,117.10 1 1
github.com/tophers42/go-naivebayes/naivebayes/naivebayes.go:113.34,116.3 2 1
github.com/tophers42/go-naivebayes/naivebayes/naivebayes.go:123.65,127.2 2 1
github.com/tophers42/go-naivebayes/naivebayes/naivebayes.go:143.87,145.40 2 1
github.com/tophers42/go-naivebayes/naivebayes/naivebayes.go:150.2,150.10 1 1
github.com/tophers42/go-naivebayes/naivebayes/naivebayes.go:145.40,149.3 3 1
